#
# There is insufficient memory for the Java Runtime Environment to continue.
# Native memory allocation (malloc) failed to allocate 32744 bytes for ChunkPool::allocate
# Possible reasons:
#   The system is out of physical RAM or swap space
#   In 32 bit mode, the process size limit was hit
# Possible solutions:
#   Reduce memory load on the system
#   Increase physical memory or swap space
#   Check if swap backing store is full
#   Use 64 bit Java on a 64 bit OS
#   Decrease Java heap size (-Xmx/-Xms)
#   Decrease number of Java threads
#   Decrease Java thread stack sizes (-Xss)
#   Set larger code cache with -XX:ReservedCodeCacheSize=
# This output file may be truncated or incomplete.
#
#  Out of Memory Error (allocation.cpp:273), pid=1756, tid=12764
#
# JRE version: Java(TM) SE Runtime Environment (8.0_60-b27) (build 1.8.0_60-b27)
# Java VM: Java HotSpot(TM) 64-Bit Server VM (25.60-b23 mixed mode windows-amd64 compressed oops)
# Failed to write core dump. Minidumps are not enabled by default on client versions of Windows
#

---------------  T H R E A D  ---------------

Current thread (0x0000000016cd8800):  JavaThread "C1 CompilerThread2" daemon [_thread_in_native, id=12764, stack(0x00000000170d0000,0x00000000171d0000)]

Stack: [0x00000000170d0000,0x00000000171d0000]
[error occurred during error reporting (printing stack bounds), id 0xc0000005]

Native frames: (J=compiled Java code, j=interpreted, Vv=VM code, C=native code)


Current CompileTask:
C1:   4761 1125       3       com.android.dx.ssa.ConstCollector::getConstsSortedByCountUse (386 bytes)


---------------  P R O C E S S  ---------------

Java Threads: ( => current thread )
  0x0000000016cde800 JavaThread "Service Thread" daemon [_thread_blocked, id=11528, stack(0x00000000171d0000,0x00000000172d0000)]
=>0x0000000016cd8800 JavaThread "C1 CompilerThread2" daemon [_thread_in_native, id=12764, stack(0x00000000170d0000,0x00000000171d0000)]
  0x0000000015473000 JavaThread "C2 CompilerThread1" daemon [_thread_in_native, id=2236, stack(0x0000000016bd0000,0x0000000016cd0000)]
  0x0000000015470800 JavaThread "C2 CompilerThread0" daemon [_thread_in_native, id=4244, stack(0x0000000016ad0000,0x0000000016bd0000)]
  0x000000001546c000 JavaThread "Attach Listener" daemon [_thread_blocked, id=12648, stack(0x00000000169d0000,0x0000000016ad0000)]
  0x000000001546a800 JavaThread "Signal Dispatcher" daemon [_thread_blocked, id=504, stack(0x00000000168d0000,0x00000000169d0000)]
  0x0000000002d90800 JavaThread "Finalizer" daemon [_thread_blocked, id=7704, stack(0x00000000166e0000,0x00000000167e0000)]
  0x0000000002d8d800 JavaThread "Reference Handler" daemon [_thread_blocked, id=6396, stack(0x00000000165e0000,0x00000000166e0000)]
  0x0000000002c9d800 JavaThread "main" [_thread_in_Java, id=11856, stack(0x0000000002b80000,0x0000000002c80000)]

Other Threads:
  0x0000000015438000 VMThread [stack: 0x00000000164e0000,0x00000000165e0000] [id=4040]
  0x0000000016ceb800 WatcherThread [stack: 0x00000000172d0000,0x00000000173d0000] [id=9304]

VM state:not at safepoint (normal execution)

VM Mutex/Monitor currently owned by a thread: None

Heap:
 PSYoungGen      total 26112K, used 20116K [0x00000000eab00000, 0x00000000ec800000, 0x0000000100000000)
  eden space 22528K, 89% used [0x00000000eab00000,0x00000000ebea5278,0x00000000ec100000)
  from space 3584K, 0% used [0x00000000ec480000,0x00000000ec480000,0x00000000ec800000)
  to   space 3584K, 0% used [0x00000000ec100000,0x00000000ec100000,0x00000000ec480000)
 ParOldGen       total 60416K, used 0K [0x00000000c0000000, 0x00000000c3b00000, 0x00000000eab00000)
  object space 60416K, 0% used [0x00000000c0000000,0x00000000c0000000,0x00000000c3b00000)
 Metaspace       used 5607K, capacity 6832K, committed 7040K, reserved 1056768K
  class space    used 554K, capacity 616K, committed 640K, reserved 1048576K

Card table byte_map: [0x0000000012160000,0x0000000012370000] byte_map_base: 0x0000000011b60000

Marking Bits: (ParMarkBitMap*) 0x000000005b01a5b0
 Begin Bits: [0x00000000128d0000, 0x00000000138d0000)
 End Bits:   [0x00000000138d0000, 0x00000000148d0000)

Polling page: 0x00000000010d0000

CodeCache: size=245760Kb used=4577Kb max_used=4583Kb free=241182Kb
 bounds [0x0000000002da0000, 0x0000000003230000, 0x0000000011da0000]
 total_blobs=1386 nmethods=1119 adapters=178
 compilation: enabled

Compilation events (10 events):
Event: 4.742 Thread 0x0000000016cd8800 nmethod 1120 0x0000000003216e90 code [0x0000000003217000, 0x0000000003217350]
Event: 4.746 Thread 0x0000000016cd8800 1122       3       com.android.dx.ssa.SsaMethod::makeNewGotoBlock (52 bytes)
Event: 4.747 Thread 0x0000000015470800 nmethod 1118 0x000000000321a2d0 code [0x000000000321a420, 0x000000000321a678]
Event: 4.747 Thread 0x0000000015470800 1121       4       com.android.dx.rop.cst.Constant::compareTo (9 bytes)
Event: 4.748 Thread 0x0000000016cd8800 nmethod 1122 0x0000000003218a90 code [0x0000000003218ce0, 0x0000000003219b08]
Event: 4.748 Thread 0x0000000016cd8800 1123       3       com.android.dx.ssa.LocalVariableInfo::addAssignment (43 bytes)
Event: 4.749 Thread 0x0000000016cd8800 nmethod 1123 0x0000000003218050 code [0x0000000003218220, 0x0000000003218818]
Event: 4.749 Thread 0x0000000016cd8800 1125       3       com.android.dx.ssa.ConstCollector::getConstsSortedByCountUse (386 bytes)
Event: 4.750 Thread 0x0000000015470800 nmethod 1121 0x0000000003217ad0 code [0x0000000003217c40, 0x0000000003217e58]
Event: 4.750 Thread 0x0000000015470800 1124       4       java.util.HashMap::getNode (148 bytes)

GC Heap History (0 events):
No events

Deoptimization events (8 events):
Event: 3.106 Thread 0x0000000002c9d800 Uncommon trap: reason=unstable_if action=reinterpret pc=0x0000000002fa3fb8 method=java.util.HashMap.getNode(ILjava/lang/Object;)Ljava/util/HashMap$Node; @ 62
Event: 3.438 Thread 0x0000000002c9d800 Uncommon trap: reason=class_check action=maybe_recompile pc=0x0000000003078e14 method=com.android.dx.ssa.NormalSsaInsn.accept(Lcom/android/dx/ssa/SsaInsn$Visitor;)V @ 9
Event: 3.671 Thread 0x0000000002c9d800 Uncommon trap: reason=unstable_if action=reinterpret pc=0x0000000002fc25b0 method=java.util.BitSet.nextSetBit(I)I @ 87
Event: 3.692 Thread 0x0000000002c9d800 Uncommon trap: reason=unstable_if action=reinterpret pc=0x0000000003066018 method=java.util.HashMap.getNode(ILjava/lang/Object;)Ljava/util/HashMap$Node; @ 62
Event: 4.471 Thread 0x0000000002c9d800 Uncommon trap: reason=unstable_if action=reinterpret pc=0x00000000031b6aa0 method=java.util.HashMap.getNode(ILjava/lang/Object;)Ljava/util/HashMap$Node; @ 129
Event: 4.471 Thread 0x0000000002c9d800 Uncommon trap: reason=unstable_if action=reinterpret pc=0x0000000003140ac0 method=java.util.HashMap.putVal(ILjava/lang/Object;Ljava/lang/Object;ZZ)Ljava/lang/Object; @ 193
Event: 4.473 Thread 0x0000000002c9d800 Uncommon trap: reason=unstable_if action=reinterpret pc=0x00000000031cca4c method=java.util.HashMap.getNode(ILjava/lang/Object;)Ljava/util/HashMap$Node; @ 129
Event: 4.570 Thread 0x0000000002c9d800 Uncommon trap: reason=unstable_if action=reinterpret pc=0x000000000316c85c method=com.android.dx.rop.cst.Constant.compareTo(Lcom/android/dx/rop/cst/Constant;)I @ 12

Internal exceptions (2 events):
Event: 0.230 Thread 0x0000000002c9d800 Exception <a 'java/lang/NoSuchMethodError': Method sun.misc.Unsafe.defineClass(Ljava/lang/String;[BII)Ljava/lang/Class; name or signature does not match> (0x00000000eab13080) thrown at [C:\re\workspace\8-2-build-windows-amd64-cygwin\jdk8u60\4407\hotspot\srŠùÏó›{Í?
Event: 0.230 Thread 0x0000000002c9d800 Exception <a 'java/lang/NoSuchMethodError': Method sun.misc.Unsafe.prefetchRead(Ljava/lang/Object;J)V name or signature does not match> (0x00000000eab13368) thrown at [C:\re\workspace\8-2-build-windows-amd64-cygwin\jdk8u60\4407\hotspot\src\share\vm\prims\j

Events (10 events):
Event: 4.559 Thread 0x0000000002c9d800 DEOPT UNPACKING pc=0x0000000002de787f sp=0x0000000002c7e548 mode 0
Event: 4.562 Thread 0x0000000002c9d800 DEOPT PACKING pc=0x000000000310aa62 sp=0x0000000002c7e7e0
Event: 4.562 Thread 0x0000000002c9d800 DEOPT UNPACKING pc=0x0000000002de787f sp=0x0000000002c7e548 mode 0
Event: 4.570 Thread 0x0000000002c9d800 Uncommon trap: trap_request=0xffffff65 fr.pc=0x000000000316c85c
Event: 4.570 Thread 0x0000000002c9d800 DEOPT PACKING pc=0x000000000316c85c sp=0x0000000002c7e6c0
Event: 4.570 Thread 0x0000000002c9d800 DEOPT UNPACKING pc=0x0000000002de582a sp=0x0000000002c7e660 mode 2
Event: 4.663 Executing VM operation: EnableBiasedLocking
Event: 4.729 Executing VM operation: EnableBiasedLocking done
Event: 4.752 loading class com/android/dx/cf/code/BytecodeArray$ConstantParserVisitor
Event: 4.753 loading class com/android/dx/cf/code/BytecodeArray$ConstantParserVisitor done


Dynamic libraries:
0x00007ff64b3f0000 - 0x00007ff64b427000 	C:\Program Files\Java\jdk1.8.0_60\bin\java.exe
0x00007ff8a6060000 - 0x00007ff8a6231000 	C:\WINDOWS\SYSTEM32\ntdll.dll
0x00007ff8a3d70000 - 0x00007ff8a3e1c000 	C:\WINDOWS\System32\KERNEL32.DLL
0x00007ff8a32d0000 - 0x00007ff8a34ed000 	C:\WINDOWS\System32\KERNELBASE.dll
0x00007ff8a5f50000 - 0x00007ff8a5ff2000 	C:\WINDOWS\System32\ADVAPI32.dll
0x00007ff8a3ad0000 - 0x00007ff8a3b6e000 	C:\WINDOWS\System32\msvcrt.dll
0x00007ff8a39e0000 - 0x00007ff8a3a39000 	C:\WINDOWS\System32\sechost.dll
0x00007ff8a5e20000 - 0x00007ff8a5f41000 	C:\WINDOWS\System32\RPCRT4.dll
0x00007ff8a5cb0000 - 0x00007ff8a5e15000 	C:\WINDOWS\System32\USER32.dll
0x00007ff8a32b0000 - 0x00007ff8a32ce000 	C:\WINDOWS\System32\win32u.dll
0x00007ff8a3bc0000 - 0x00007ff8a3bf4000 	C:\WINDOWS\System32\GDI32.dll
0x00007ff8a28f0000 - 0x00007ff8a2a72000 	C:\WINDOWS\System32\gdi32full.dll
0x00007ff898630000 - 0x00007ff8988aa000 	C:\WINDOWS\WinSxS\amd64_microsoft.windows.common-controls_6595b64144ccf1df_6.0.14393.953_none_42151e83c686086b\COMCTL32.dll
0x00007ff8a3710000 - 0x00007ff8a39d8000 	C:\WINDOWS\System32\combase.dll
0x00007ff8a34f0000 - 0x00007ff8a35e5000 	C:\WINDOWS\System32\ucrtbase.dll
0x00007ff8a2880000 - 0x00007ff8a28ea000 	C:\WINDOWS\System32\bcryptPrimitives.dll
0x00007ff8a3b70000 - 0x00007ff8a3b9e000 	C:\WINDOWS\System32\IMM32.DLL
0x000000005a730000 - 0x000000005a802000 	C:\Program Files\Java\jdk1.8.0_60\jre\bin\msvcr100.dll
0x000000005a810000 - 0x000000005b099000 	C:\Program Files\Java\jdk1.8.0_60\jre\bin\server\jvm.dll
0x00007ff8a3a40000 - 0x00007ff8a3a48000 	C:\WINDOWS\System32\PSAPI.DLL
0x00007ff88fc30000 - 0x00007ff88fc39000 	C:\WINDOWS\SYSTEM32\WSOCK32.dll
0x00007ff8a4060000 - 0x00007ff8a40ca000 	C:\WINDOWS\System32\WS2_32.dll
0x00007ff8a0940000 - 0x00007ff8a0963000 	C:\WINDOWS\SYSTEM32\WINMM.dll
0x00007ff89ee00000 - 0x00007ff89ee0a000 	C:\WINDOWS\SYSTEM32\VERSION.dll
0x00007ff8a0910000 - 0x00007ff8a093b000 	C:\WINDOWS\SYSTEM32\WINMMBASE.dll
0x00007ff8a3260000 - 0x00007ff8a32a2000 	C:\WINDOWS\System32\cfgmgr32.dll
0x000000005c960000 - 0x000000005c96f000 	C:\Program Files\Java\jdk1.8.0_60\jre\bin\verify.dll
0x000000005c930000 - 0x000000005c959000 	C:\Program Files\Java\jdk1.8.0_60\jre\bin\java.dll
0x000000005a710000 - 0x000000005a726000 	C:\Program Files\Java\jdk1.8.0_60\jre\bin\zip.dll
0x00007ff8a47a0000 - 0x00007ff8a5ca8000 	C:\WINDOWS\System32\SHELL32.dll
0x00007ff8a2b80000 - 0x00007ff8a325a000 	C:\WINDOWS\System32\windows.storage.dll
0x00007ff8a24c0000 - 0x00007ff8a250c000 	C:\WINDOWS\System32\powrprof.dll
0x00007ff8a36b0000 - 0x00007ff8a3702000 	C:\WINDOWS\System32\shlwapi.dll
0x00007ff8a2520000 - 0x00007ff8a252f000 	C:\WINDOWS\System32\kernel.appcore.dll
0x00007ff8a2600000 - 0x00007ff8a26a9000 	C:\WINDOWS\System32\shcore.dll
0x00007ff8a2530000 - 0x00007ff8a2544000 	C:\WINDOWS\System32\profapi.dll

VM Arguments:
jvm_args: -Djava.awt.headless=true -Xmx1024M -Dfile.encoding=windows-1251 -Duser.country=RU -Duser.language=ru -Duser.variant 
java_command: com.android.dx.command.Main --dex --output E:\Android\Projects\LanguageRemouteControl\app\build\intermediates\pre-dexed\release\support-v4-13.0.0_9a8b6653cfc9388d23fb77c626480122abbb0e13.jar E:\Android\Android-sdk\extras\android\m2repository\com\android\support\support-v4\13.0.0\support-v4-13.0.0.jar
java_class_path (initial): E:\Android\Android-sdk\build-tools\21.1.2\lib\dx.jar
Launcher Type: SUN_STANDARD

Environment Variables:
PATH=C:\Program Files (x86)\Common Files\Intel\Shared Files\cpp\bin\Intel64;C:\Program Files (x86)\Common Files\Intel\Shared Libraries\redist\intel64\compiler;C:\Program Files (x86)\Common Files\Intel\Shared Libraries\redist\ia32\compiler;C:\ProgramData\Oracle\Java\javapath;C:\Windows\system32;C:\Windows;C:\Windows\System32\Wbem;C:\Windows\System32\WindowsPowerShell\v1.0\;C:\Program Files (x86)\Common Files\Acronis\SnapAPI\;C:\Program Files\Java\jdk1.8.0_60\bin\java.exe;C:\Program Files (x86)\Common Files\lenovo\easyplussdk\bin;C:\adb;C:\WINDOWS\system32;C:\WINDOWS;C:\WINDOWS\System32\Wbem;C:\WINDOWS\System32\WindowsPowerShell\v1.0\;C:\MATLAB7\bin\win32;;C:\Program Files (x86)\NVIDIA Corporation\PhysX\Common;C:\WINDOWS\system32;C:\WINDOWS;C:\WINDOWS\System32\Wbem;C:\WINDOWS\System32\WindowsPowerShell\v1.0\;C:\Program Files (x86)\Skype\Phone\;%USERPROFILE%\AppData\Local\Microsoft\WindowsApps;E:\FloorPlan\Program
USERNAME=jeam999
OS=Windows_NT
PROCESSOR_IDENTIFIER=Intel64 Family 6 Model 58 Stepping 9, GenuineIntel



---------------  S Y S T E M  ---------------

OS: Windows 10.0 , 64 bit Build 14393 (10.0.14393.1198)

CPU:total 4 (2 cores per cpu, 2 threads per core) family 6 model 58 stepping 9, cmov, cx8, fxsr, mmx, sse, sse2, sse3, ssse3, sse4.1, sse4.2, popcnt, avx, clmul, erms, ht, tsc, tscinvbit, tscinv

Memory: 4k page, physical 5715496k(466616k free), swap 11859496k(4628k free)

vm_info: Java HotSpot(TM) 64-Bit Server VM (25.60-b23) for windows-amd64 JRE (1.8.0_60-b27), built on Aug  4 2015 11:06:27 by "java_re" with MS VC++ 10.0 (VS2010)

time: Mon Jun 12 06:44:39 2017
elapsed time: 4 seconds (0d 0h 0m 4s)

